<?xml version="1.0" encoding="UTF-8"?>
<coverage generated="1683247084786" clover="3.2.0">
  <project timestamp="1683247084787" name="All files">
    <metrics statements="19" coveredstatements="13" conditionals="8" coveredconditionals="2" methods="5" coveredmethods="4" elements="32" coveredelements="19" complexity="0" loc="19" ncloc="19" packages="1" files="1" classes="1"/>
    <file name="index.ts" path="/home/brennon/Personal/NodeBasicStructs/mutable-tuple/src/index.ts">
      <metrics statements="19" coveredstatements="13" conditionals="8" coveredconditionals="2" methods="5" coveredmethods="4"/>
      <line num="10" count="2" type="stmt"/>
      <line num="11" count="2" type="stmt"/>
      <line num="15" count="3" type="stmt"/>
      <line num="19" count="1" type="cond" truecount="1" falsecount="1"/>
      <line num="20" count="1" type="stmt"/>
      <line num="22" count="0" type="stmt"/>
      <line num="27" count="1" type="cond" truecount="1" falsecount="1"/>
      <line num="28" count="1" type="stmt"/>
      <line num="29" count="1" type="stmt"/>
      <line num="31" count="0" type="stmt"/>
      <line num="36" count="0" type="stmt"/>
      <line num="37" count="0" type="cond" truecount="0" falsecount="4"/>
      <line num="38" count="0" type="stmt"/>
      <line num="40" count="0" type="stmt"/>
      <line num="45" count="1" type="stmt"/>
      <line num="47" count="1" type="stmt"/>
      <line num="48" count="1" type="stmt"/>
      <line num="49" count="1" type="stmt"/>
      <line num="50" count="1" type="stmt"/>
    </file>
  </project>
</coverage>
