{"/home/brennon/Personal/NodeBasicStructs/mutable-tuple/src/index.ts": {"path":"/home/brennon/Personal/NodeBasicStructs/mutable-tuple/src/index.ts","statementMap":{"0":{"start":{"line":8,"column":27},"end":{"line":8,"column":45}},"1":{"start":{"line":11,"column":2},"end":{"line":11,"column":31}},"2":{"start":{"line":12,"column":2},"end":{"line":12,"column":24}},"3":{"start":{"line":16,"column":2},"end":{"line":16,"column":22}},"4":{"start":{"line":20,"column":2},"end":{"line":20,"column":22}},"5":{"start":{"line":24,"column":2},"end":{"line":26,"column":3}},"6":{"start":{"line":25,"column":3},"end":{"line":25,"column":63}},"7":{"start":{"line":28,"column":2},"end":{"line":28,"column":30}},"8":{"start":{"line":32,"column":2},"end":{"line":34,"column":3}},"9":{"start":{"line":33,"column":3},"end":{"line":33,"column":63}},"10":{"start":{"line":36,"column":2},"end":{"line":36,"column":29}},"11":{"start":{"line":42,"column":2},"end":{"line":42,"column":67}},"12":{"start":{"line":46,"column":2},"end":{"line":48,"column":3}},"13":{"start":{"line":46,"column":15},"end":{"line":46,"column":16}},"14":{"start":{"line":47,"column":3},"end":{"line":47,"column":34}},"15":{"start":{"line":52,"column":2},"end":{"line":56,"column":3}},"16":{"start":{"line":53,"column":3},"end":{"line":55,"column":4}},"17":{"start":{"line":54,"column":4},"end":{"line":54,"column":16}},"18":{"start":{"line":57,"column":2},"end":{"line":57,"column":23}},"19":{"start":{"line":61,"column":2},"end":{"line":65,"column":3}},"20":{"start":{"line":62,"column":3},"end":{"line":64,"column":4}},"21":{"start":{"line":63,"column":4},"end":{"line":63,"column":45}},"22":{"start":{"line":66,"column":2},"end":{"line":66,"column":12}}},"fnMap":{"0":{"name":"(anonymous_0)","decl":{"start":{"line":10,"column":1},"end":{"line":10,"column":2}},"loc":{"start":{"line":10,"column":27},"end":{"line":13,"column":2}},"line":10},"1":{"name":"(anonymous_1)","decl":{"start":{"line":15,"column":1},"end":{"line":15,"column":2}},"loc":{"start":{"line":15,"column":21},"end":{"line":17,"column":2}},"line":15},"2":{"name":"(anonymous_2)","decl":{"start":{"line":19,"column":1},"end":{"line":19,"column":2}},"loc":{"start":{"line":19,"column":21},"end":{"line":21,"column":2}},"line":19},"3":{"name":"(anonymous_3)","decl":{"start":{"line":23,"column":1},"end":{"line":23,"column":2}},"loc":{"start":{"line":23,"column":61},"end":{"line":29,"column":2}},"line":23},"4":{"name":"(anonymous_4)","decl":{"start":{"line":31,"column":1},"end":{"line":31,"column":2}},"loc":{"start":{"line":31,"column":48},"end":{"line":37,"column":2}},"line":31},"5":{"name":"(anonymous_5)","decl":{"start":{"line":39,"column":1},"end":{"line":39,"column":2}},"loc":{"start":{"line":41,"column":31},"end":{"line":43,"column":2}},"line":41},"6":{"name":"(anonymous_6)","decl":{"start":{"line":45,"column":1},"end":{"line":45,"column":2}},"loc":{"start":{"line":45,"column":71},"end":{"line":49,"column":2}},"line":45},"7":{"name":"(anonymous_7)","decl":{"start":{"line":51,"column":1},"end":{"line":51,"column":2}},"loc":{"start":{"line":51,"column":51},"end":{"line":58,"column":2}},"line":51},"8":{"name":"(anonymous_8)","decl":{"start":{"line":60,"column":1},"end":{"line":60,"column":2}},"loc":{"start":{"line":60,"column":57},"end":{"line":67,"column":2}},"line":60}},"branchMap":{"0":{"loc":{"start":{"line":24,"column":2},"end":{"line":26,"column":3}},"type":"if","locations":[{"start":{"line":24,"column":2},"end":{"line":26,"column":3}},{"start":{},"end":{}}],"line":24},"1":{"loc":{"start":{"line":24,"column":6},"end":{"line":24,"column":40}},"type":"binary-expr","locations":[{"start":{"line":24,"column":6},"end":{"line":24,"column":15}},{"start":{"line":24,"column":19},"end":{"line":24,"column":40}}],"line":24},"2":{"loc":{"start":{"line":32,"column":2},"end":{"line":34,"column":3}},"type":"if","locations":[{"start":{"line":32,"column":2},"end":{"line":34,"column":3}},{"start":{},"end":{}}],"line":32},"3":{"loc":{"start":{"line":32,"column":6},"end":{"line":32,"column":40}},"type":"binary-expr","locations":[{"start":{"line":32,"column":6},"end":{"line":32,"column":15}},{"start":{"line":32,"column":19},"end":{"line":32,"column":40}}],"line":32},"4":{"loc":{"start":{"line":53,"column":3},"end":{"line":55,"column":4}},"type":"if","locations":[{"start":{"line":53,"column":3},"end":{"line":55,"column":4}},{"start":{},"end":{}}],"line":53},"5":{"loc":{"start":{"line":62,"column":3},"end":{"line":64,"column":4}},"type":"if","locations":[{"start":{"line":62,"column":3},"end":{"line":64,"column":4}},{"start":{},"end":{}}],"line":62}},"s":{"0":14,"1":14,"2":14,"3":5,"4":7,"5":5,"6":2,"7":3,"8":5,"9":2,"10":3,"11":1,"12":1,"13":1,"14":3,"15":2,"16":5,"17":1,"18":1,"19":2,"20":5,"21":1,"22":1},"f":{"0":14,"1":5,"2":7,"3":5,"4":5,"5":1,"6":1,"7":2,"8":2},"b":{"0":[2,3],"1":[5,4],"2":[2,3],"3":[5,4],"4":[1,4],"5":[1,4]},"_coverageSchema":"1a1c01bbd47fc00a2c39e90264f33305004495a9","hash":"c7a15bd1197e2eb560cc6658d914254aad50e0e9"}
}
