{"/home/brennon/Personal/NodeBasicStructs/mutable-tuple/src/index.ts": {"path":"/home/brennon/Personal/NodeBasicStructs/mutable-tuple/src/index.ts","statementMap":{"0":{"start":{"line":10,"column":2},"end":{"line":10,"column":30}},"1":{"start":{"line":11,"column":2},"end":{"line":11,"column":22}},"2":{"start":{"line":15,"column":2},"end":{"line":15,"column":22}},"3":{"start":{"line":19,"column":2},"end":{"line":23,"column":3}},"4":{"start":{"line":20,"column":3},"end":{"line":20,"column":41}},"5":{"start":{"line":22,"column":3},"end":{"line":22,"column":63}},"6":{"start":{"line":27,"column":2},"end":{"line":32,"column":3}},"7":{"start":{"line":28,"column":3},"end":{"line":28,"column":53}},"8":{"start":{"line":29,"column":3},"end":{"line":29,"column":40}},"9":{"start":{"line":31,"column":3},"end":{"line":31,"column":63}},"10":{"start":{"line":36,"column":23},"end":{"line":36,"column":49}},"11":{"start":{"line":37,"column":2},"end":{"line":41,"column":3}},"12":{"start":{"line":38,"column":3},"end":{"line":38,"column":29}},"13":{"start":{"line":40,"column":3},"end":{"line":40,"column":59}},"14":{"start":{"line":45,"column":14},"end":{"line":45,"column":72}},"15":{"start":{"line":47,"column":0},"end":{"line":47,"column":26}},"16":{"start":{"line":48,"column":0},"end":{"line":48,"column":24}},"17":{"start":{"line":49,"column":0},"end":{"line":49,"column":26}},"18":{"start":{"line":50,"column":0},"end":{"line":50,"column":26}}},"fnMap":{"0":{"name":"(anonymous_0)","decl":{"start":{"line":9,"column":1},"end":{"line":9,"column":2}},"loc":{"start":{"line":9,"column":25},"end":{"line":12,"column":2}},"line":9},"1":{"name":"(anonymous_1)","decl":{"start":{"line":14,"column":1},"end":{"line":14,"column":2}},"loc":{"start":{"line":14,"column":21},"end":{"line":16,"column":2}},"line":14},"2":{"name":"(anonymous_2)","decl":{"start":{"line":18,"column":1},"end":{"line":18,"column":2}},"loc":{"start":{"line":18,"column":61},"end":{"line":24,"column":2}},"line":18},"3":{"name":"(anonymous_3)","decl":{"start":{"line":26,"column":1},"end":{"line":26,"column":2}},"loc":{"start":{"line":26,"column":48},"end":{"line":33,"column":2}},"line":26},"4":{"name":"(anonymous_4)","decl":{"start":{"line":35,"column":1},"end":{"line":35,"column":2}},"loc":{"start":{"line":35,"column":41},"end":{"line":42,"column":2}},"line":35}},"branchMap":{"0":{"loc":{"start":{"line":19,"column":2},"end":{"line":23,"column":3}},"type":"if","locations":[{"start":{"line":19,"column":2},"end":{"line":23,"column":3}},{"start":{"line":21,"column":9},"end":{"line":23,"column":3}}],"line":19},"1":{"loc":{"start":{"line":27,"column":2},"end":{"line":32,"column":3}},"type":"if","locations":[{"start":{"line":27,"column":2},"end":{"line":32,"column":3}},{"start":{"line":30,"column":9},"end":{"line":32,"column":3}}],"line":27},"2":{"loc":{"start":{"line":37,"column":2},"end":{"line":41,"column":3}},"type":"if","locations":[{"start":{"line":37,"column":2},"end":{"line":41,"column":3}},{"start":{"line":39,"column":9},"end":{"line":41,"column":3}}],"line":37},"3":{"loc":{"start":{"line":37,"column":6},"end":{"line":37,"column":61}},"type":"binary-expr","locations":[{"start":{"line":37,"column":6},"end":{"line":37,"column":23}},{"start":{"line":37,"column":27},"end":{"line":37,"column":61}}],"line":37}},"s":{"0":2,"1":2,"2":3,"3":1,"4":1,"5":0,"6":1,"7":1,"8":1,"9":0,"10":0,"11":0,"12":0,"13":0,"14":1,"15":1,"16":1,"17":1,"18":1},"f":{"0":2,"1":3,"2":1,"3":1,"4":0},"b":{"0":[1,0],"1":[1,0],"2":[0,0],"3":[0,0]},"_coverageSchema":"1a1c01bbd47fc00a2c39e90264f33305004495a9","hash":"872cf8ecb711c99a12cfe378c859b8c1991511af"}
}
