TN:
SF:src/index.ts
FN:10,(anonymous_0)
FN:15,(anonymous_1)
FN:19,(anonymous_2)
FN:23,(anonymous_3)
FN:31,(anonymous_4)
FN:39,(anonymous_5)
FN:45,(anonymous_6)
FN:51,(anonymous_7)
FN:60,(anonymous_8)
FNF:9
FNH:9
FNDA:14,(anonymous_0)
FNDA:5,(anonymous_1)
FNDA:7,(anonymous_2)
FNDA:5,(anonymous_3)
FNDA:5,(anonymous_4)
FNDA:1,(anonymous_5)
FNDA:1,(anonymous_6)
FNDA:2,(anonymous_7)
FNDA:2,(anonymous_8)
DA:8,14
DA:11,14
DA:12,14
DA:16,5
DA:20,7
DA:24,5
DA:25,2
DA:28,3
DA:32,5
DA:33,2
DA:36,3
DA:42,1
DA:46,1
DA:47,3
DA:52,2
DA:53,5
DA:54,1
DA:57,1
DA:61,2
DA:62,5
DA:63,1
DA:66,1
LF:22
LH:22
BRDA:24,0,0,2
BRDA:24,0,1,3
BRDA:24,1,0,5
BRDA:24,1,1,4
BRDA:32,2,0,2
BRDA:32,2,1,3
BRDA:32,3,0,5
BRDA:32,3,1,4
BRDA:53,4,0,1
BRDA:53,4,1,4
BRDA:62,5,0,1
BRDA:62,5,1,4
BRF:12
BRH:12
end_of_record
