TN:
SF:src/index.ts
FN:9,(anonymous_0)
FN:14,(anonymous_1)
FN:18,(anonymous_2)
FN:26,(anonymous_3)
FN:35,(anonymous_4)
FNF:5
FNH:4
FNDA:2,(anonymous_0)
FNDA:3,(anonymous_1)
FNDA:1,(anonymous_2)
FNDA:1,(anonymous_3)
FNDA:0,(anonymous_4)
DA:10,2
DA:11,2
DA:15,3
DA:19,1
DA:20,1
DA:22,0
DA:27,1
DA:28,1
DA:29,1
DA:31,0
DA:36,0
DA:37,0
DA:38,0
DA:40,0
DA:45,1
DA:47,1
DA:48,1
DA:49,1
DA:50,1
LF:19
LH:13
BRDA:19,0,0,1
BRDA:19,0,1,0
BRDA:27,1,0,1
BRDA:27,1,1,0
BRDA:37,2,0,0
BRDA:37,2,1,0
BRDA:37,3,0,0
BRDA:37,3,1,0
BRF:8
BRH:2
end_of_record
